<?xml version="1.0" encoding="UTF-8" ?>
<testsuite tests="11" failures="0" name="bpf.michaelhou.mythucydides.jbehave.AcceptanceTestSuite" time="25.877" errors="0" skipped="0">
  <properties>
[...]
</properties>
  <testcase classname="java.lang.Object" name="BeforeStories" time="0.008"/>
  <testcase classname="bpf.michaelhou.mythucydides.jbehave.DefinitionSteps" name="Given the user is on the Wikionary home page" time="11.882"/>
  <testcase classname="bpf.michaelhou.mythucydides.jbehave.DefinitionSteps" name="When the user looks up the definition of the word \&apos;apple\&apos;" time="3.252"/>
  <testcase classname="bpf.michaelhou.mythucydides.jbehave.DefinitionSteps" name="Then they should see the definition \&apos;A common\u002C round fruit produced by the tree Malus domestica\u002C cultivated in temperate climates.\&apos;" time="0.984"/>
  <testcase classname="Scenario: Looking up the definition of \&apos;apple\&apos;" name="Scenario: Looking up the definition of \&apos;apple\&apos;" time="1.137"/>
  <testcase classname="bpf.michaelhou.mythucydides.jbehave.DefinitionSteps" name="Given the user is on the Wikionary home page\u200B" time="1.389"/>
  <testcase classname="bpf.michaelhou.mythucydides.jbehave.DefinitionSteps" name="When the user looks up the definition of the word \&apos;pear\&apos;" time="2.624"/>
  <testcase classname="bpf.michaelhou.mythucydides.jbehave.DefinitionSteps" name="Then they should see the definition \&apos;An edible fruit produced by the pear tree\u002C similar to an apple but elongated towards the stem.\&apos;" time="0.563"/>
  <testcase classname="Scenario: Looking up the definition of \&apos;pear\&apos;" name="Scenario: Looking up the definition of \&apos;pear\&apos;" time="0.569"/>
  <testcase classname="LookupADefinition.story" name="LookupADefinition.story" time="2.017"/>
  <testcase classname="java.lang.Object" name="AfterStories" time="1.382"/>
</testsuite>